docker run -it --rm -v "$(pwd)/:/data/" -w /data/ --name vps-issue -it node:18.12.1-alpine3.17 /bin/sh      55ms  14:41:40 ❯ docker run -it --rm -v "$(pwd)/:/data/" -w /data/ --name vps-issue -it node:18.12.1-alpine3.17 /bin/sh
Unable to find image 'node:18.12.1-alpine3.17' locally
18.12.1-alpine3.17: Pulling from library/node
c158987b0551: Already exists
aabd449b9131: Pull complete
756e97429a30: Pull complete
1ee3f64a4fc8: Pull complete
Digest: sha256:a136ed7b0df71082cdb171f36d640ea3b392a5c70401c642326acee767b8c540
Status: Downloaded newer image for node:18.12.1-alpine3.17
/data # corepack enable
/data # corepack prepare pnpm@latest --activate
Preparing pnpm@latest for immediate activation...
/data # pnpm i
Lockfile is up to date, resolution step is skipped
Already up to date
Done in 1.4s
/data # ls -la ./dist
ls: ./dist: No such file or directory
/data # pnpm build

> @ build /data
> vite build

vite v4.1.1 building for production...
✓ 151 modules transformed.
dist/client/vite-plugin-ssr.json                                0.16 kB
dist/client/manifest.json                                       3.03 kB
dist/client/assets/_default.page.client.dad88554.css            0.11 kB │ gzip:  0.11 kB
dist/client/assets/chunk-58df3efb.js                            0.06 kB │ gzip:  0.08 kB
dist/client/assets/chunk-a14f0fab.js                            0.21 kB │ gzip:  0.18 kB
dist/client/assets/pages/about.page.b9549263.js                 0.28 kB │ gzip:  0.20 kB
dist/client/assets/pages/movies/index.page.b4a33d5f.js          0.40 kB │ gzip:  0.26 kB
dist/client/assets/pages/index.page.60153e7f.js                 0.76 kB │ gzip:  0.40 kB
dist/client/assets/chunk-b524e103.js                            0.90 kB │ gzip:  0.50 kB
dist/client/assets/entry-server-routing.85cb521d.js             2.63 kB │ gzip:  1.14 kB
dist/client/assets/chunk-8daf3ee0.js                            8.01 kB │ gzip:  2.98 kB
dist/client/assets/chunk-23b8dcd7.js                           19.85 kB │ gzip:  7.18 kB
dist/client/assets/entry-client-routing.a6b57c83.js            33.81 kB │ gzip: 11.15 kB
dist/client/assets/renderer/_default.page.client.f0d4e891.js  135.31 kB │ gzip: 43.69 kB
vite v4.1.1 building SSR bundle for production...
✓ 25 modules transformed.
dist/server/package.json                             0.02 kB
dist/server/importBuild.cjs                          0.38 kB
dist/server/importBuild.mjs                          0.23 kB
dist/server/assets/chunk-a126d9b2.js                 0.42 kB
dist/server/assets/about.page.56db2578.js            0.53 kB
dist/server/assets/chunk-14afb3af.js                 0.57 kB
dist/server/assets/movies.page.4010b04b.js           0.74 kB
dist/server/assets/movies.page.server.e38d9cf6.js    1.05 kB
dist/server/assets/chunk-bedb5773.js                 1.50 kB
dist/server/assets/index.page.545e77ec.js            1.57 kB
dist/server/assets/_default.page.server.12b6e309.js  2.85 kB
dist/server/pageFiles.mjs                            4.97 kB
vite-plugin-ssr v0.4.82 pre-rendering HTML...
✓ 12 HTML documents pre-rendered.
dist/client/movies/index.pageContext.json
dist/client/de-DE/index.pageContext.json
dist/client/about/index.html
dist/client/fr-FR/index.html
dist/client/de-DE/about/index.html
dist/client/fr-FR/about/index.html
dist/client/fr-FR/movies/index.html
dist/client/index.html
dist/client/movies/index.html
dist/client/index.pageContext.json
dist/client/de-DE/index.html
dist/client/fr-FR/index.pageContext.json
dist/client/de-DE/movies/index.html
dist/client/movies/index.html
dist/client/about/index.pageContext.json
dist/client/de-DE/about/index.pageContext.json
dist/client/movies/index.pageContext.json
dist/client/fr-FR/movies/index.pageContext.json
dist/client/de-DE/movies/index.pageContext.json
dist/client/fr-FR/about/index.pageContext.json
dist/client/de-DE/movies/index.html
dist/client/fr-FR/movies/index.pageContext.json
dist/client/de-DE/movies/index.pageContext.json
dist/client/fr-FR/movies/index.html
/data # cat dist/client/de-DE/movies/index.html | grep fr-FR
        <div id="page-view"><div style="display:flex;max-width:900px;margin:auto"><div style="padding:20px;padding-top:42px;flex-shrink:0;display:flex;flex-direction:column;align-items:center;line-height:1.8em"><a href="/de-DE/" class="navitem">Home</a><a href="/de-DE/about" class="navitem">About</a><a href="/de-DE/movies" class="navitem">Movies</a></div><div style="padding:20px;padding-bottom:50px;border-left:2px solid #eee;min-height:100vh"><h1>Star Wars <!-- -->Filme</h1><ol><li>locale<!-- --> (<!-- -->fr-FR<!-- -->)</li><li>A New Hope<!-- --> (<!-- -->1977-05-25<!-- -->)</li><li>The Empire Strikes Back<!-- --> (<!-- -->1980-05-17<!-- -->)</li><li>Return of the Jedi<!-- --> (<!-- -->1983-05-25<!-- -->)</li><li>The Phantom Menace<!-- --> (<!-- -->1999-05-19<!-- -->)</li><li>Attack of the Clones<!-- --> (<!-- -->2002-05-16<!-- -->)</li><li>Revenge of the Sith<!-- --> (<!-- -->2005-05-19<!-- -->)</li></ol></div></div></div>
        <script id="vite-plugin-ssr_pageContext" type="application/json">{"pageContext":{"_pageId":"/pages/movies/index","pageProps":{"movies":[{"title":"locale","release_date":"fr-FR"},{"title":"A New Hope","release_date":"1977-05-25"},{"title":"The Empire Strikes Back","release_date":"1980-05-17"},{"title":"Return of the Jedi","release_date":"1983-05-25"},{"title":"The Phantom Menace","release_date":"1999-05-19"},{"title":"Attack of the Clones","release_date":"2002-05-16"},{"title":"Revenge of the Sith","release_date":"2005-05-19"}]},"locale":"de-DE"}}</script>
/data #